<?xml version="1.0" encoding="UTF-8"?>
<!-- Generated by org.testng.reporters.JUnitReportReporter -->
<testsuite hostname="DESKTOP-0D6IDBN" failures="0" tests="1" name="TestCase" time="162.544" errors="0" timestamp="2023-04-27T10:24:14 IST" skipped="0">
  <testcase classname="TestCase" name="User_able_to_search_a_movie" time="162.544"/>
  <system-out/>
</testsuite> <!-- TestCase -->
