<?xml version="1.0" encoding="UTF-8"?>
<!-- Generated by org.testng.reporters.JUnitReportReporter -->
<testsuite hostname="DESKTOP-0D6IDBN" failures="0" tests="4" name="OTT_Automation.TestNg.TestCase" time="54.558" errors="0" timestamp="2023-04-27T17:40:24 IST" skipped="2">
  <testcase classname="OTT_Automation.TestNg.TestCase" name="f2" time="0.002"/>
  <system-out/>
  <testcase classname="OTT_Automation.TestNg.TestCase" name="User_able_to_login" time="54.556"/>
  <system-out/>
  <testcase classname="OTT_Automation.TestNg.TestCase" name="User_able_to_goto_detail_page">
    <skipped/>
  </testcase> <!-- User_able_to_goto_detail_page -->
  <system-out/>
  <testcase classname="OTT_Automation.TestNg.TestCase" name="User_able_to_search_a_movie">
    <skipped/>
  </testcase> <!-- User_able_to_search_a_movie -->
  <system-out/>
</testsuite> <!-- OTT_Automation.TestNg.TestCase -->
